<?xml version="1.0" encoding="UTF-8"?>
<!-- Generated by org.testng.reporters.JUnitXMLReporter -->
<testsuite ignored="0" hostname="DESKTOP-TQOT31I" failures="0" tests="14" name="Default test" time="0.479" errors="0" timestamp="2023-02-16T20:23:31 IST">
  <testcase classname="FunctionalTest.Product" name="verifyElectronicItems" time="0.114"/>
  <testcase classname="FunctionalTest.Product" name="verifyGrocery" time="0.005"/>
  <testcase classname="FunctionalTest.Product" name="verifyHomeDecor" time="0.006"/>
  <testcase classname="FunctionalTest.Product" name="verifyKitchenApplience" time="0.005"/>
  <testcase classname="sanityTest.HomepageTest" name="verifyItems" time="0.004"/>
  <testcase classname="sanityTest.HomepageTest" name="verifySearchButton" time="0.006"/>
  <testcase classname="sanityTest.HomepageTest" name="verifySignInButton" time="0.005"/>
  <testcase classname="FunctionalTest.Payment" name="verifyCreditcardPayment" time="0.004"/>
  <testcase classname="FunctionalTest.Payment" name="verifyDebitcardPayment" time="0.007"/>
  <testcase classname="FunctionalTest.Payment" name="verifyElectronicItemsPayment" time="0.003"/>
  <testcase classname="FunctionalTest.Payment" name="verifyNetBanking" time="0.003"/>
  <testcase classname="FunctionalTest.Payment" name="verifyUPIPayment" time="0.003"/>
  <testcase classname="sanityTest.Login" name="verifyLoginWithEmail" time="0.003"/>
  <testcase classname="sanityTest.Login" name="verifyLoginWithMobile" time="0.007"/>
</testsuite> <!-- Default test -->
