<?xml version="1.0" encoding="UTF-8"?>
<!-- Generated by org.testng.reporters.JUnitXMLReporter -->
<testsuite ignored="0" hostname="DESKTOP-TQOT31I" failures="0" tests="9" name="Test" time="0.413" errors="0" timestamp="2023-02-16T20:33:57 IST">
  <testcase classname="FunctionalTest.Product" name="verifyElectronicItems" time="0.119"/>
  <testcase classname="FunctionalTest.Product" name="verifyGrocery" time="0.004"/>
  <testcase classname="FunctionalTest.Product" name="verifyHomeDecor" time="0.002"/>
  <testcase classname="FunctionalTest.Product" name="verifyKitchenApplience" time="0.004"/>
  <testcase classname="FunctionalTest.Payment" name="verifyCreditcardPayment" time="0.004"/>
  <testcase classname="FunctionalTest.Payment" name="verifyDebitcardPayment" time="0.007"/>
  <testcase classname="FunctionalTest.Payment" name="verifyElectronicItemsPayment" time="0.006"/>
  <testcase classname="FunctionalTest.Payment" name="verifyNetBanking" time="0.005"/>
  <testcase classname="FunctionalTest.Payment" name="verifyUPIPayment" time="0.004"/>
</testsuite> <!-- Test -->
