<?xml version="1.0" encoding="UTF-8"?>
<testng-results ignored="0" total="14" passed="14" failed="0" skipped="0">
  <reporter-output>
  </reporter-output>
  <suite started-at="2023-02-17T20:10:11 IST" name="Suite" finished-at="2023-02-17T20:10:11 IST" duration-ms="384">
    <groups>
    </groups>
    <test started-at="2023-02-17T20:10:11 IST" name="Test" finished-at="2023-02-17T20:10:11 IST" duration-ms="384">
      <class name="FunctionalTest.Product">
        <test-method signature="verifyElectronicItems()[pri:0, instance:FunctionalTest.Product@663c9e7a]" started-at="2023-02-17T20:10:11 IST" name="verifyElectronicItems" finished-at="2023-02-17T20:10:11 IST" duration-ms="104" status="PASS">
          <reporter-output>
          </reporter-output>
        </test-method> <!-- verifyElectronicItems -->
        <test-method signature="verifyGrocery()[pri:0, instance:FunctionalTest.Product@663c9e7a]" started-at="2023-02-17T20:10:11 IST" name="verifyGrocery" finished-at="2023-02-17T20:10:11 IST" duration-ms="6" status="PASS">
          <reporter-output>
          </reporter-output>
        </test-method> <!-- verifyGrocery -->
        <test-method signature="verifyHomeDecor()[pri:0, instance:FunctionalTest.Product@663c9e7a]" started-at="2023-02-17T20:10:11 IST" name="verifyHomeDecor" finished-at="2023-02-17T20:10:11 IST" duration-ms="3" status="PASS">
          <reporter-output>
          </reporter-output>
        </test-method> <!-- verifyHomeDecor -->
        <test-method signature="verifyKitchenApplience()[pri:0, instance:FunctionalTest.Product@663c9e7a]" started-at="2023-02-17T20:10:11 IST" name="verifyKitchenApplience" finished-at="2023-02-17T20:10:11 IST" duration-ms="3" status="PASS">
          <reporter-output>
          </reporter-output>
        </test-method> <!-- verifyKitchenApplience -->
      </class> <!-- FunctionalTest.Product -->
      <class name="FunctionalTest.Payment">
        <test-method signature="verifyCreditcardPayment()[pri:0, instance:FunctionalTest.Payment@cb0755b]" started-at="2023-02-17T20:10:11 IST" name="verifyCreditcardPayment" finished-at="2023-02-17T20:10:11 IST" duration-ms="7" status="PASS">
          <reporter-output>
          </reporter-output>
        </test-method> <!-- verifyCreditcardPayment -->
        <test-method signature="verifyDebitcardPayment()[pri:0, instance:FunctionalTest.Payment@cb0755b]" started-at="2023-02-17T20:10:11 IST" name="verifyDebitcardPayment" finished-at="2023-02-17T20:10:11 IST" duration-ms="2" status="PASS">
          <reporter-output>
          </reporter-output>
        </test-method> <!-- verifyDebitcardPayment -->
        <test-method signature="verifyElectronicItemsPayment()[pri:0, instance:FunctionalTest.Payment@cb0755b]" started-at="2023-02-17T20:10:11 IST" name="verifyElectronicItemsPayment" finished-at="2023-02-17T20:10:11 IST" duration-ms="4" status="PASS">
          <reporter-output>
          </reporter-output>
        </test-method> <!-- verifyElectronicItemsPayment -->
        <test-method signature="verifyNetBanking()[pri:0, instance:FunctionalTest.Payment@cb0755b]" started-at="2023-02-17T20:10:11 IST" name="verifyNetBanking" finished-at="2023-02-17T20:10:11 IST" duration-ms="3" status="PASS">
          <reporter-output>
          </reporter-output>
        </test-method> <!-- verifyNetBanking -->
        <test-method signature="verifyUPIPayment()[pri:0, instance:FunctionalTest.Payment@cb0755b]" started-at="2023-02-17T20:10:11 IST" name="verifyUPIPayment" finished-at="2023-02-17T20:10:11 IST" duration-ms="5" status="PASS">
          <reporter-output>
          </reporter-output>
        </test-method> <!-- verifyUPIPayment -->
      </class> <!-- FunctionalTest.Payment -->
    </test> <!-- Test -->
  </suite> <!-- Suite -->
  <suite started-at="2023-02-17T20:10:11 IST" name="Suite (0)" finished-at="2023-02-17T20:10:11 IST" duration-ms="36">
    <groups>
    </groups>
    <test started-at="2023-02-17T20:10:11 IST" name="Test" finished-at="2023-02-17T20:10:11 IST" duration-ms="36">
      <class name="sanityTest.HomepageTest">
        <test-method signature="verifyItems()[pri:0, instance:sanityTest.HomepageTest@4a003cbe]" started-at="2023-02-17T20:10:11 IST" name="verifyItems" finished-at="2023-02-17T20:10:11 IST" duration-ms="4" status="PASS">
          <reporter-output>
          </reporter-output>
        </test-method> <!-- verifyItems -->
        <test-method signature="verifySearchButton()[pri:0, instance:sanityTest.HomepageTest@4a003cbe]" started-at="2023-02-17T20:10:11 IST" name="verifySearchButton" finished-at="2023-02-17T20:10:11 IST" duration-ms="3" status="PASS">
          <reporter-output>
          </reporter-output>
        </test-method> <!-- verifySearchButton -->
        <test-method signature="verifySignInButton()[pri:0, instance:sanityTest.HomepageTest@4a003cbe]" started-at="2023-02-17T20:10:11 IST" name="verifySignInButton" finished-at="2023-02-17T20:10:11 IST" duration-ms="3" status="PASS">
          <reporter-output>
          </reporter-output>
        </test-method> <!-- verifySignInButton -->
      </class> <!-- sanityTest.HomepageTest -->
      <class name="sanityTest.Login">
        <test-method signature="verifyLoginWithEmail()[pri:0, instance:sanityTest.Login@76494737]" started-at="2023-02-17T20:10:11 IST" name="verifyLoginWithEmail" finished-at="2023-02-17T20:10:11 IST" duration-ms="3" status="PASS">
          <reporter-output>
          </reporter-output>
        </test-method> <!-- verifyLoginWithEmail -->
        <test-method signature="verifyLoginWithMobile()[pri:0, instance:sanityTest.Login@76494737]" started-at="2023-02-17T20:10:11 IST" name="verifyLoginWithMobile" finished-at="2023-02-17T20:10:11 IST" duration-ms="4" status="PASS">
          <reporter-output>
          </reporter-output>
        </test-method> <!-- verifyLoginWithMobile -->
      </class> <!-- sanityTest.Login -->
    </test> <!-- Test -->
  </suite> <!-- Suite (0) -->
  <suite started-at="2023-02-17T20:10:12 IST" name="Master Suite" finished-at="2023-02-17T20:10:12 IST" duration-ms="0">
    <groups>
    </groups>
  </suite> <!-- Master Suite -->
</testng-results>
