<?xml version="1.0" encoding="UTF-8"?>
<!-- Generated by org.testng.reporters.JUnitXMLReporter -->
<testsuite ignored="0" hostname="DESKTOP-TQOT31I" failures="0" tests="5" name="Test" time="0.036" errors="0" timestamp="2023-02-17T20:10:11 IST">
  <testcase classname="sanityTest.Login" name="verifyLoginWithEmail" time="0.003"/>
  <testcase classname="sanityTest.Login" name="verifyLoginWithMobile" time="0.004"/>
  <testcase classname="sanityTest.HomepageTest" name="verifyItems" time="0.004"/>
  <testcase classname="sanityTest.HomepageTest" name="verifySearchButton" time="0.003"/>
  <testcase classname="sanityTest.HomepageTest" name="verifySignInButton" time="0.003"/>
</testsuite> <!-- Test -->
