<?xml version="1.0" encoding="UTF-8"?>
<!-- Generated by org.testng.reporters.JUnitReportReporter -->
<testsuite hostname="DESKTOP-TQOT31I" failures="0" tests="2" name="sanityTest.Login" time="0.007" errors="0" timestamp="2023-02-17T20:10:12 IST" skipped="0">
  <testcase classname="sanityTest.Login" name="verifyLoginWithMobile" time="0.004"/>
  <system-out/>
  <testcase classname="sanityTest.Login" name="verifyLoginWithEmail" time="0.003"/>
  <system-out/>
</testsuite> <!-- sanityTest.Login -->
